SF:lib\data\repositories\post_repository.dart
DA:12,1
DA:14,1
DA:17,2
LF:3
LH:3
end_of_record
SF:lib\data\services\post_service.dart
DA:8,0
DA:9,0
DA:10,0
DA:13,0
DA:15,0
DA:16,0
DA:17,0
DA:18,0
DA:20,0
DA:23,0
LF:10
LH:0
end_of_record
SF:lib\domain\model\post.dart
DA:7,4
DA:9,0
DA:10,0
DA:11,0
DA:12,0
DA:13,0
DA:14,0
LF:7
LH:1
end_of_record
SF:lib\core\ui\post_card.dart
DA:9,2
DA:17,2
DA:19,2
DA:21,4
DA:23,2
DA:25,2
DA:26,2
DA:29,6
DA:30,2
DA:31,2
DA:35,2
DA:37,0
DA:39,0
DA:40,0
DA:41,0
DA:43,0
DA:44,0
DA:45,0
DA:52,4
DA:54,2
DA:58,0
DA:60,0
DA:64,2
DA:66,2
DA:68,2
DA:69,6
DA:70,10
DA:71,2
DA:72,6
DA:73,10
DA:74,2
DA:75,6
DA:76,2
DA:77,2
DA:78,6
LF:35
LH:26
end_of_record
SF:lib\core\theme.dart
DA:3,0
DA:7,0
DA:13,0
DA:17,0
DA:26,2
DA:28,0
DA:29,0
DA:30,0
DA:32,0
DA:34,0
LF:10
LH:1
end_of_record
SF:lib\ui\post\view\post_screen.dart
DA:9,1
DA:11,1
DA:12,1
DA:16,1
DA:19,1
DA:20,2
DA:21,1
DA:24,1
DA:26,1
DA:27,1
DA:29,1
DA:30,1
DA:31,1
DA:32,1
DA:33,1
DA:34,1
DA:35,2
DA:39,0
DA:40,0
DA:46,1
DA:50,1
DA:51,1
DA:52,2
DA:55,1
DA:56,3
DA:59,1
DA:60,2
DA:61,1
DA:62,2
DA:63,1
DA:64,1
DA:65,1
DA:66,1
DA:67,1
LF:34
LH:32
end_of_record
SF:lib\ui\post\view_model\posts_view_modal.dart
DA:11,2
DA:12,6
DA:14,4
DA:15,1
DA:21,8
DA:22,6
DA:23,1
DA:24,6
DA:25,8
DA:26,8
DA:29,6
DA:31,4
DA:32,2
DA:33,2
DA:34,2
DA:35,2
DA:36,0
DA:37,2
DA:38,0
DA:40,4
DA:44,2
DA:45,4
LF:22
LH:20
end_of_record
SF:lib\utils\command.dart
DA:11,4
DA:12,0
DA:13,0
DA:14,4
DA:16,0
DA:17,0
DA:18,0
DA:21,2
DA:22,2
DA:24,2
DA:25,2
DA:26,2
DA:29,4
DA:31,2
DA:32,2
DA:38,2
DA:41,2
DA:42,8
DA:47,0
DA:50,0
DA:51,0
LF:21
LH:13
end_of_record
SF:lib\utils\result.dart
DA:2,2
DA:11,2
DA:13,0
DA:14,0
DA:19,2
DA:20,0
DA:21,0
LF:7
LH:3
end_of_record
